[debug] [2024-03-04T19:08:04.677Z] ----------------------------------------------------------------------
[debug] [2024-03-04T19:08:04.679Z] Command:       C:\Program Files\nodejs\node.exe C:\Users\Hafid\AppData\Roaming\npm\node_modules\firebase-tools\lib\bin\firebase.js deploy --only functions
[debug] [2024-03-04T19:08:04.679Z] CLI Version:   13.4.0
[debug] [2024-03-04T19:08:04.679Z] Platform:      win32
[debug] [2024-03-04T19:08:04.680Z] Node Version:  v18.16.0
[debug] [2024-03-04T19:08:04.680Z] Time:          Mon Mar 04 2024 20:08:04 GMT+0100 (heure normale d’Europe centrale)
[debug] [2024-03-04T19:08:04.680Z] ----------------------------------------------------------------------
[debug] 
[debug] [2024-03-04T19:08:04.729Z] > command requires scopes: ["email","openid","https://www.googleapis.com/auth/cloudplatformprojects.readonly","https://www.googleapis.com/auth/firebase","https://www.googleapis.com/auth/cloud-platform"]
[debug] [2024-03-04T19:08:04.730Z] > authorizing via signed-in user (hahaddaoui@gmail.com)
[debug] [2024-03-04T19:08:04.730Z] [iam] checking project sahel-26e16 for permissions ["cloudfunctions.functions.create","cloudfunctions.functions.delete","cloudfunctions.functions.get","cloudfunctions.functions.list","cloudfunctions.functions.update","cloudfunctions.operations.get","firebase.projects.get"]
[debug] [2024-03-04T19:08:04.731Z] > refreshing access token with scopes: []
[debug] [2024-03-04T19:08:04.732Z] >>> [apiv2][query] POST https://www.googleapis.com/oauth2/v3/token [none]
[debug] [2024-03-04T19:08:04.732Z] >>> [apiv2][body] POST https://www.googleapis.com/oauth2/v3/token [omitted]
[debug] [2024-03-04T19:08:04.877Z] <<< [apiv2][status] POST https://www.googleapis.com/oauth2/v3/token 200
[debug] [2024-03-04T19:08:04.878Z] <<< [apiv2][body] POST https://www.googleapis.com/oauth2/v3/token [omitted]
[debug] [2024-03-04T19:08:04.889Z] >>> [apiv2][query] POST https://cloudresourcemanager.googleapis.com/v1/projects/sahel-26e16:testIamPermissions [none]
[debug] [2024-03-04T19:08:04.889Z] >>> [apiv2][(partial)header] POST https://cloudresourcemanager.googleapis.com/v1/projects/sahel-26e16:testIamPermissions x-goog-quota-user=projects/sahel-26e16
[debug] [2024-03-04T19:08:04.889Z] >>> [apiv2][body] POST https://cloudresourcemanager.googleapis.com/v1/projects/sahel-26e16:testIamPermissions {"permissions":["cloudfunctions.functions.create","cloudfunctions.functions.delete","cloudfunctions.functions.get","cloudfunctions.functions.list","cloudfunctions.functions.update","cloudfunctions.operations.get","firebase.projects.get"]}
[debug] [2024-03-04T19:08:05.535Z] <<< [apiv2][status] POST https://cloudresourcemanager.googleapis.com/v1/projects/sahel-26e16:testIamPermissions 200
[debug] [2024-03-04T19:08:05.535Z] <<< [apiv2][body] POST https://cloudresourcemanager.googleapis.com/v1/projects/sahel-26e16:testIamPermissions {"permissions":["cloudfunctions.functions.create","cloudfunctions.functions.delete","cloudfunctions.functions.get","cloudfunctions.functions.list","cloudfunctions.functions.update","cloudfunctions.operations.get","firebase.projects.get"]}
[debug] [2024-03-04T19:08:05.535Z] >>> [apiv2][query] POST https://iam.googleapis.com/v1/projects/sahel-26e16/serviceAccounts/sahel-26e16@appspot.gserviceaccount.com:testIamPermissions [none]
[debug] [2024-03-04T19:08:05.535Z] >>> [apiv2][body] POST https://iam.googleapis.com/v1/projects/sahel-26e16/serviceAccounts/sahel-26e16@appspot.gserviceaccount.com:testIamPermissions {"permissions":["iam.serviceAccounts.actAs"]}
[debug] [2024-03-04T19:08:05.751Z] <<< [apiv2][status] POST https://iam.googleapis.com/v1/projects/sahel-26e16/serviceAccounts/sahel-26e16@appspot.gserviceaccount.com:testIamPermissions 200
[debug] [2024-03-04T19:08:05.751Z] <<< [apiv2][body] POST https://iam.googleapis.com/v1/projects/sahel-26e16/serviceAccounts/sahel-26e16@appspot.gserviceaccount.com:testIamPermissions {"permissions":["iam.serviceAccounts.actAs"]}
[info] 
[info] === Deploying to 'sahel-26e16'...
[info] 
[info] i  deploying functions 
[info] Running command: npm --prefix "$RESOURCE_DIR" run lint
